<?xml version="1.0" encoding="UTF-8"?>
<!-- Generated by org.testng.reporters.JUnitXMLReporter -->
<testsuite ignored="0" hostname="Ranjeet-MacBook-Pro.local" failures="0" tests="3" name="Test" time="102.594" errors="0" timestamp="2023-07-24T20:27:10 IST">
  <testcase classname="Com.Ecommerce.TestCases.TC_NewRegistrationTestCases" name="Registration" time="6.746">
    <skipped/>
  </testcase> <!-- Registration -->
  <testcase classname="Com.Ecommerce.TestCases.TC_NewRegistrationTestCases" name="Registration" time="6.78"/>
  <testcase classname="Com.Ecommerce.TestCases.TC_BrokenLinks" name="Broken_Links" time="54.755"/>
</testsuite> <!-- Test -->
