<?xml version="1.0" encoding="UTF-8"?>
<testsuite xmlns:xsi="http://www.w3.org/2001/XMLSchema-instance" xsi:noNamespaceSchemaLocation="https://maven.apache.org/surefire/maven-surefire-plugin/xsd/surefire-test-report-3.0.xsd" version="3.0" name="TestSuite" time="103.792" tests="3" errors="0" skipped="1" failures="0">
  <properties>
[...]
</properties>
  <testcase name="Registration" classname="Com.Ecommerce.TestCases.TC_NewRegistrationTestCases" time="0.0">
    <skipped message="no such window: target window already closed&#10;from unknown error: web view not found&#10;  (Session info: chrome=114.0.5735.198)&#10;Build info: version: &apos;4.9.0&apos;, revision: &apos;d7057100a6&apos;&#10;System info: os.name: &apos;Mac OS X&apos;, os.arch: &apos;x86_64&apos;, os.version: &apos;13.4.1&apos;, java.version: &apos;18.0.1.1&apos;&#10;Driver info: org.openqa.selenium.chrome.ChromeDriver&#10;Command: [83b494057b010ae63c906c5b7b249600, findElement {using=xpath, value=//div[contains(text(),&apos;Your registration completed&apos;)]}]&#10;Capabilities {acceptInsecureCerts: false, browserName: chrome, browserVersion: 114.0.5735.198, chrome: {chromedriverVersion: 113.0.5672.63 (0e1a4471d5ae..., userDataDir: /var/folders/lr/yy6cc25x09d...}, goog:chromeOptions: {debuggerAddress: localhost:61642}, networkConnectionEnabled: false, pageLoadStrategy: normal, platformName: MAC, proxy: Proxy(), se:cdp: ws://localhost:61642/devtoo..., se:cdpVersion: 114.0.5735.198, setWindowRect: true, strictFileInteractability: false, timeouts: {implicit: 0, pageLoad: 300000, script: 30000}, unhandledPromptBehavior: dismiss and notify, webauthn:extension:credBlob: true, webauthn:extension:largeBlob: true, webauthn:extension:minPinLength: true, webauthn:extension:prf: true, webauthn:virtualAuthenticators: true}&#10;Session ID: 83b494057b010ae63c906c5b7b249600"/>
    <system-out><![CDATA[/Users/ranjeetkendre/eclipse-workspace/11March_Automation_Framework/src/test/resources
 INFO [main] (Ecommerce_BaseClass.java:57)- Open browser
 INFO [main] (Ecommerce_BaseClass.java:61)- Maximize the browser
 INFO [main] (Ecommerce_BaseClass.java:69)- Open application
 INFO [main] (TC_NewRegistrationTestCases.java:29)- Click on the registration tab
 INFO [main] (TC_NewRegistrationTestCases.java:32)- Select gender
 INFO [main] (TC_NewRegistrationTestCases.java:35)- Enter users first name
 INFO [main] (TC_NewRegistrationTestCases.java:38)- Enter users Last name
 INFO [main] (TC_NewRegistrationTestCases.java:42)- Enter users mailid
 INFO [main] (TC_NewRegistrationTestCases.java:45)- Enter users password
 INFO [main] (TC_NewRegistrationTestCases.java:50)- Click on the registration tab
]]></system-out>
    <system-err><![CDATA[SLF4J: No SLF4J providers were found.
SLF4J: Defaulting to no-operation (NOP) logger implementation
SLF4J: See https://www.slf4j.org/codes.html#noProviders for further details.
ERROR StatusLogger Log4j2 could not find a logging implementation. Please add log4j-core to the classpath. Using SimpleLogger to log to the console...
Starting ChromeDriver 113.0.5672.63 (0e1a4471d5ae5bf128b1bd8f4d627c8cbd55f70c-refs/branch-heads/5672@{#912}) on port 8355
Only local connections are allowed.
Please see https://chromedriver.chromium.org/security-considerations for suggestions on keeping ChromeDriver safe.
ChromeDriver was started successfully.
[1690210533.087][WARNING]: This version of ChromeDriver has not been tested with Chrome version 114.
Jul 24, 2023 8:25:33 PM org.openqa.selenium.devtools.CdpVersionFinder findNearestMatch
WARNING: Unable to find an exact match for CDP version 114, so returning the closest version found: 112
]]></system-err>
  </testcase>
  <testcase name="Registration" classname="Com.Ecommerce.TestCases.TC_NewRegistrationTestCases" time="6.781">
    <system-out><![CDATA[ INFO [main] (Ecommerce_BaseClass.java:57)- Open browser
 INFO [main] (Ecommerce_BaseClass.java:61)- Maximize the browser
 INFO [main] (Ecommerce_BaseClass.java:69)- Open application
 INFO [main] (TC_NewRegistrationTestCases.java:29)- Click on the registration tab
 INFO [main] (TC_NewRegistrationTestCases.java:32)- Select gender
 INFO [main] (TC_NewRegistrationTestCases.java:35)- Enter users first name
 INFO [main] (TC_NewRegistrationTestCases.java:38)- Enter users Last name
 INFO [main] (TC_NewRegistrationTestCases.java:42)- Enter users mailid
 INFO [main] (TC_NewRegistrationTestCases.java:45)- Enter users password
 INFO [main] (TC_NewRegistrationTestCases.java:50)- Click on the registration tab
 INFO [main] (TC_NewRegistrationTestCases.java:58)- registration test case pass
]]></system-out>
    <system-err><![CDATA[Starting ChromeDriver 113.0.5672.63 (0e1a4471d5ae5bf128b1bd8f4d627c8cbd55f70c-refs/branch-heads/5672@{#912}) on port 34818
Only local connections are allowed.
Please see https://chromedriver.chromium.org/security-considerations for suggestions on keeping ChromeDriver safe.
ChromeDriver was started successfully.
[1690210550.947][WARNING]: This version of ChromeDriver has not been tested with Chrome version 114.
Jul 24, 2023 8:25:51 PM org.openqa.selenium.devtools.CdpVersionFinder findNearestMatch
WARNING: Unable to find an exact match for CDP version 114, so returning the closest version found: 112
]]></system-err>
  </testcase>
  <testcase name="Broken_Links" classname="Com.Ecommerce.TestCases.TC_BrokenLinks" time="54.761">
    <system-out><![CDATA[ INFO [main] (Ecommerce_BaseClass.java:57)- Open browser
 INFO [main] (Ecommerce_BaseClass.java:61)- Maximize the browser
 INFO [main] (Ecommerce_BaseClass.java:69)- Open application
Total links ==62
Active links ==61
200--->https://demo.nopcommerce.com/register?returnUrl=%2FloginIs--->Valid inks
200--->https://demo.nopcommerce.com/login?returnUrl=%2FloginIs--->Valid inks
200--->https://demo.nopcommerce.com/wishlistIs--->Valid inks
200--->https://demo.nopcommerce.com/cartIs--->Valid inks
200--->https://demo.nopcommerce.com/Is--->Valid inks
200--->https://demo.nopcommerce.com/computersIs--->Valid inks
200--->https://demo.nopcommerce.com/desktopsIs--->Valid inks
200--->https://demo.nopcommerce.com/notebooksIs--->Valid inks
200--->https://demo.nopcommerce.com/softwareIs--->Valid inks
200--->https://demo.nopcommerce.com/electronicsIs--->Valid inks
200--->https://demo.nopcommerce.com/camera-photoIs--->Valid inks
200--->https://demo.nopcommerce.com/cell-phonesIs--->Valid inks
200--->https://demo.nopcommerce.com/othersIs--->Valid inks
200--->https://demo.nopcommerce.com/apparelIs--->Valid inks
200--->https://demo.nopcommerce.com/shoesIs--->Valid inks
200--->https://demo.nopcommerce.com/clothingIs--->Valid inks
200--->https://demo.nopcommerce.com/accessoriesIs--->Valid inks
200--->https://demo.nopcommerce.com/digital-downloadsIs--->Valid inks
200--->https://demo.nopcommerce.com/booksIs--->Valid inks
200--->https://demo.nopcommerce.com/jewelryIs--->Valid inks
200--->https://demo.nopcommerce.com/gift-cardsIs--->Valid inks
200--->https://demo.nopcommerce.com/computersIs--->Valid inks
200--->https://demo.nopcommerce.com/desktopsIs--->Valid inks
200--->https://demo.nopcommerce.com/notebooksIs--->Valid inks
200--->https://demo.nopcommerce.com/softwareIs--->Valid inks
200--->https://demo.nopcommerce.com/electronicsIs--->Valid inks
200--->https://demo.nopcommerce.com/camera-photoIs--->Valid inks
200--->https://demo.nopcommerce.com/cell-phonesIs--->Valid inks
200--->https://demo.nopcommerce.com/othersIs--->Valid inks
200--->https://demo.nopcommerce.com/apparelIs--->Valid inks
200--->https://demo.nopcommerce.com/shoesIs--->Valid inks
200--->https://demo.nopcommerce.com/clothingIs--->Valid inks
200--->https://demo.nopcommerce.com/accessoriesIs--->Valid inks
200--->https://demo.nopcommerce.com/digital-downloadsIs--->Valid inks
200--->https://demo.nopcommerce.com/booksIs--->Valid inks
200--->https://demo.nopcommerce.com/jewelryIs--->Valid inks
200--->https://demo.nopcommerce.com/gift-cardsIs--->Valid inks
200--->https://demo.nopcommerce.com/passwordrecoveryIs--->Valid inks
200--->https://demo.nopcommerce.com/sitemapIs--->Valid inks
200--->https://demo.nopcommerce.com/shipping-returnsIs--->Valid inks
200--->https://demo.nopcommerce.com/privacy-noticeIs--->Valid inks
200--->https://demo.nopcommerce.com/conditions-of-useIs--->Valid inks
200--->https://demo.nopcommerce.com/about-usIs--->Valid inks
200--->https://demo.nopcommerce.com/contactusIs--->Valid inks
200--->https://demo.nopcommerce.com/searchIs--->Valid inks
200--->https://demo.nopcommerce.com/newsIs--->Valid inks
200--->https://demo.nopcommerce.com/blogIs--->Valid inks
200--->https://demo.nopcommerce.com/recentlyviewedproductsIs--->Valid inks
200--->https://demo.nopcommerce.com/compareproductsIs--->Valid inks
200--->https://demo.nopcommerce.com/newproductsIs--->Valid inks
302--->https://demo.nopcommerce.com/customer/infoIs--->Valid inks
302--->https://demo.nopcommerce.com/order/historyIs--->Valid inks
302--->https://demo.nopcommerce.com/customer/addressesIs--->Valid inks
200--->https://demo.nopcommerce.com/cartIs--->Valid inks
200--->https://demo.nopcommerce.com/wishlistIs--->Valid inks
302--->https://demo.nopcommerce.com/vendor/applyIs--->Valid inks
301--->http://www.facebook.com/nopCommerceIs--->Valid inks
302--->https://twitter.com/nopCommerceIs--->Valid inks
200--->https://demo.nopcommerce.com/news/rss/1Is--->Valid inks
301--->http://www.youtube.com/user/nopCommerceIs--->Valid inks
301--->https://www.nopcommerce.com/Is--->Valid inks
Number of broken links:0
]]></system-out>
    <system-err><![CDATA[Starting ChromeDriver 113.0.5672.63 (0e1a4471d5ae5bf128b1bd8f4d627c8cbd55f70c-refs/branch-heads/5672@{#912}) on port 9499
Only local connections are allowed.
Please see https://chromedriver.chromium.org/security-considerations for suggestions on keeping ChromeDriver safe.
ChromeDriver was started successfully.
[1690210568.962][WARNING]: This version of ChromeDriver has not been tested with Chrome version 114.
Jul 24, 2023 8:26:09 PM org.openqa.selenium.devtools.CdpVersionFinder findNearestMatch
WARNING: Unable to find an exact match for CDP version 114, so returning the closest version found: 112
]]></system-err>
  </testcase>
</testsuite>