<?xml version="1.0" encoding="UTF-8"?>
<testng-results retried="1" ignored="0" total="3" passed="2" failed="0" skipped="0">
  <reporter-output>
  </reporter-output>
  <suite started-at="2023-07-24T20:25:27 IST" name="Suite" finished-at="2023-07-24T20:27:10 IST" duration-ms="102594">
    <groups>
    </groups>
    <test started-at="2023-07-24T20:25:27 IST" name="Test" finished-at="2023-07-24T20:27:10 IST" duration-ms="102594">
      <class name="Com.Ecommerce.TestCases.TC_BrokenLinks">
        <test-method is-config="true" signature="initialization(java.lang.String)[pri:0, instance:Com.Ecommerce.TestCases.TC_BrokenLinks@757277dc]" started-at="2023-07-24T20:26:04 IST" name="initialization" finished-at="2023-07-24T20:26:12 IST" duration-ms="7397" status="PASS">
          <params>
            <param index="0">
              <value>
                <![CDATA[Chrome]]>
              </value>
            </param>
          </params>
          <reporter-output>
          </reporter-output>
        </test-method> <!-- initialization -->
        <test-method signature="Broken_Links()[pri:0, instance:Com.Ecommerce.TestCases.TC_BrokenLinks@757277dc]" started-at="2023-07-24T20:26:12 IST" name="Broken_Links" finished-at="2023-07-24T20:27:07 IST" duration-ms="54755" status="PASS">
          <reporter-output>
          </reporter-output>
        </test-method> <!-- Broken_Links -->
        <test-method is-config="true" signature="Teardown()[pri:0, instance:Com.Ecommerce.TestCases.TC_BrokenLinks@757277dc]" started-at="2023-07-24T20:27:07 IST" name="Teardown" finished-at="2023-07-24T20:27:10 IST" duration-ms="3124" status="PASS">
          <reporter-output>
          </reporter-output>
        </test-method> <!-- Teardown -->
      </class> <!-- Com.Ecommerce.TestCases.TC_BrokenLinks -->
      <class name="Com.Ecommerce.TestCases.TC_NewRegistrationTestCases">
        <test-method is-config="true" signature="initialization(java.lang.String)[pri:0, instance:Com.Ecommerce.TestCases.TC_NewRegistrationTestCases@63475ace]" started-at="2023-07-24T20:25:27 IST" name="initialization" finished-at="2023-07-24T20:25:37 IST" duration-ms="9329" status="PASS">
          <params>
            <param index="0">
              <value>
                <![CDATA[Chrome]]>
              </value>
            </param>
          </params>
          <reporter-output>
          </reporter-output>
        </test-method> <!-- initialization -->
        <test-method retried="true" signature="Registration()[pri:0, instance:Com.Ecommerce.TestCases.TC_NewRegistrationTestCases@63475ace]" started-at="2023-07-24T20:25:37 IST" name="Registration" finished-at="2023-07-24T20:25:43 IST" duration-ms="6746" status="SKIP">
          <exception class="org.openqa.selenium.NoSuchWindowException">
            <message>
              <![CDATA[no such window: target window already closed
from unknown error: web view not found
  (Session info: chrome=114.0.5735.198)
Build info: version: '4.9.0', revision: 'd7057100a6'
System info: os.name: 'Mac OS X', os.arch: 'x86_64', os.version: '13.4.1', java.version: '18.0.1.1'
Driver info: org.openqa.selenium.chrome.ChromeDriver
Command: [83b494057b010ae63c906c5b7b249600, findElement {using=xpath, value=//div[contains(text(),'Your registration completed')]}]
Capabilities {acceptInsecureCerts: false, browserName: chrome, browserVersion: 114.0.5735.198, chrome: {chromedriverVersion: 113.0.5672.63 (0e1a4471d5ae..., userDataDir: /var/folders/lr/yy6cc25x09d...}, goog:chromeOptions: {debuggerAddress: localhost:61642}, networkConnectionEnabled: false, pageLoadStrategy: normal, platformName: MAC, proxy: Proxy(), se:cdp: ws://localhost:61642/devtoo..., se:cdpVersion: 114.0.5735.198, setWindowRect: true, strictFileInteractability: false, timeouts: {implicit: 0, pageLoad: 300000, script: 30000}, unhandledPromptBehavior: dismiss and notify, webauthn:extension:credBlob: true, webauthn:extension:largeBlob: true, webauthn:extension:minPinLength: true, webauthn:extension:prf: true, webauthn:virtualAuthenticators: true}
Session ID: 83b494057b010ae63c906c5b7b249600]]>
            </message>
            <full-stacktrace>
              <![CDATA[org.openqa.selenium.NoSuchWindowException: no such window: target window already closed
from unknown error: web view not found
  (Session info: chrome=114.0.5735.198)
Build info: version: '4.9.0', revision: 'd7057100a6'
System info: os.name: 'Mac OS X', os.arch: 'x86_64', os.version: '13.4.1', java.version: '18.0.1.1'
Driver info: org.openqa.selenium.chrome.ChromeDriver
Command: [83b494057b010ae63c906c5b7b249600, findElement {using=xpath, value=//div[contains(text(),'Your registration completed')]}]
Capabilities {acceptInsecureCerts: false, browserName: chrome, browserVersion: 114.0.5735.198, chrome: {chromedriverVersion: 113.0.5672.63 (0e1a4471d5ae..., userDataDir: /var/folders/lr/yy6cc25x09d...}, goog:chromeOptions: {debuggerAddress: localhost:61642}, networkConnectionEnabled: false, pageLoadStrategy: normal, platformName: MAC, proxy: Proxy(), se:cdp: ws://localhost:61642/devtoo..., se:cdpVersion: 114.0.5735.198, setWindowRect: true, strictFileInteractability: false, timeouts: {implicit: 0, pageLoad: 300000, script: 30000}, unhandledPromptBehavior: dismiss and notify, webauthn:extension:credBlob: true, webauthn:extension:largeBlob: true, webauthn:extension:minPinLength: true, webauthn:extension:prf: true, webauthn:virtualAuthenticators: true}
Session ID: 83b494057b010ae63c906c5b7b249600
at java.base/jdk.internal.reflect.DirectConstructorHandleAccessor.newInstance(DirectConstructorHandleAccessor.java:67)
at java.base/java.lang.reflect.Constructor.newInstanceWithCaller(Constructor.java:499)
at java.base/java.lang.reflect.Constructor.newInstance(Constructor.java:483)
at org.openqa.selenium.remote.codec.w3c.W3CHttpResponseCodec.createException(W3CHttpResponseCodec.java:200)
at org.openqa.selenium.remote.codec.w3c.W3CHttpResponseCodec.decode(W3CHttpResponseCodec.java:133)
at org.openqa.selenium.remote.codec.w3c.W3CHttpResponseCodec.decode(W3CHttpResponseCodec.java:53)
at org.openqa.selenium.remote.HttpCommandExecutor.execute(HttpCommandExecutor.java:193)
at org.openqa.selenium.remote.service.DriverCommandExecutor.invokeExecute(DriverCommandExecutor.java:183)
at org.openqa.selenium.remote.service.DriverCommandExecutor.execute(DriverCommandExecutor.java:158)
at org.openqa.selenium.remote.RemoteWebDriver.execute(RemoteWebDriver.java:543)
at org.openqa.selenium.remote.ElementLocation$ElementFinder$2.findElement(ElementLocation.java:162)
at org.openqa.selenium.remote.ElementLocation.findElement(ElementLocation.java:60)
at org.openqa.selenium.remote.RemoteWebDriver.findElement(RemoteWebDriver.java:352)
at org.openqa.selenium.remote.RemoteWebDriver.findElement(RemoteWebDriver.java:344)
at Com.Ecommerce.TestCases.TC_NewRegistrationTestCases.Registration(TC_NewRegistrationTestCases.java:54)
at java.base/jdk.internal.reflect.DirectMethodHandleAccessor.invoke(DirectMethodHandleAccessor.java:104)
at java.base/java.lang.reflect.Method.invoke(Method.java:577)
at org.testng.internal.invokers.MethodInvocationHelper.invokeMethod(MethodInvocationHelper.java:139)
at org.testng.internal.invokers.TestInvoker.invokeMethod(TestInvoker.java:677)
at org.testng.internal.invokers.TestInvoker.invokeTestMethod(TestInvoker.java:221)
at org.testng.internal.invokers.MethodRunner.runInSequence(MethodRunner.java:50)
at org.testng.internal.invokers.TestInvoker$MethodInvocationAgent.invoke(TestInvoker.java:969)
at org.testng.internal.invokers.TestInvoker.invokeTestMethods(TestInvoker.java:194)
at org.testng.internal.invokers.TestMethodWorker.invokeTestMethods(TestMethodWorker.java:148)
at org.testng.internal.invokers.TestMethodWorker.run(TestMethodWorker.java:128)
at java.base/java.util.ArrayList.forEach(ArrayList.java:1511)
at org.testng.TestRunner.privateRun(TestRunner.java:829)
at org.testng.TestRunner.run(TestRunner.java:602)
at org.testng.SuiteRunner.runTest(SuiteRunner.java:437)
at org.testng.SuiteRunner.runSequentially(SuiteRunner.java:431)
at org.testng.SuiteRunner.privateRun(SuiteRunner.java:391)
at org.testng.SuiteRunner.run(SuiteRunner.java:330)
at org.testng.SuiteRunnerWorker.runSuite(SuiteRunnerWorker.java:52)
at org.testng.SuiteRunnerWorker.run(SuiteRunnerWorker.java:95)
at org.testng.TestNG.runSuitesSequentially(TestNG.java:1256)
at org.testng.TestNG.runSuitesLocally(TestNG.java:1176)
at org.testng.TestNG.runSuites(TestNG.java:1099)
at org.testng.TestNG.run(TestNG.java:1067)
at org.apache.maven.surefire.testng.TestNGExecutor.run(TestNGExecutor.java:308)
at org.apache.maven.surefire.testng.TestNGXmlTestSuite.execute(TestNGXmlTestSuite.java:71)
at org.apache.maven.surefire.testng.TestNGProvider.invoke(TestNGProvider.java:113)
at org.apache.maven.surefire.booter.ForkedBooter.runSuitesInProcess(ForkedBooter.java:385)
at org.apache.maven.surefire.booter.ForkedBooter.execute(ForkedBooter.java:162)
at org.apache.maven.surefire.booter.ForkedBooter.run(ForkedBooter.java:507)
at org.apache.maven.surefire.booter.ForkedBooter.main(ForkedBooter.java:495)
]]>
            </full-stacktrace>
          </exception> <!-- org.openqa.selenium.NoSuchWindowException -->
          <reporter-output>
          </reporter-output>
        </test-method> <!-- Registration -->
        <test-method is-config="true" signature="Teardown()[pri:0, instance:Com.Ecommerce.TestCases.TC_NewRegistrationTestCases@63475ace]" started-at="2023-07-24T20:25:43 IST" name="Teardown" finished-at="2023-07-24T20:25:46 IST" duration-ms="3134" status="PASS">
          <reporter-output>
          </reporter-output>
        </test-method> <!-- Teardown -->
        <test-method is-config="true" signature="initialization(java.lang.String)[pri:0, instance:Com.Ecommerce.TestCases.TC_NewRegistrationTestCases@63475ace]" started-at="2023-07-24T20:25:46 IST" name="initialization" finished-at="2023-07-24T20:25:55 IST" duration-ms="8149" status="PASS">
          <params>
            <param index="0">
              <value>
                <![CDATA[Chrome]]>
              </value>
            </param>
          </params>
          <reporter-output>
          </reporter-output>
        </test-method> <!-- initialization -->
        <test-method signature="Registration()[pri:0, instance:Com.Ecommerce.TestCases.TC_NewRegistrationTestCases@63475ace]" started-at="2023-07-24T20:25:55 IST" name="Registration" finished-at="2023-07-24T20:26:01 IST" duration-ms="6780" status="PASS">
          <reporter-output>
          </reporter-output>
        </test-method> <!-- Registration -->
        <test-method is-config="true" signature="Teardown()[pri:0, instance:Com.Ecommerce.TestCases.TC_NewRegistrationTestCases@63475ace]" started-at="2023-07-24T20:26:01 IST" name="Teardown" finished-at="2023-07-24T20:26:04 IST" duration-ms="3117" status="PASS">
          <reporter-output>
          </reporter-output>
        </test-method> <!-- Teardown -->
      </class> <!-- Com.Ecommerce.TestCases.TC_NewRegistrationTestCases -->
    </test> <!-- Test -->
  </suite> <!-- Suite -->
</testng-results>
